<?xml version="1.0" encoding="UTF-8"?>
<testsuite name="Login Test"
           tests="2"
           failures="0"
           errors="0"
           skipped="0"
           time="66.964">
  <properties />
  
  
            <testcase name="verifyUserShouldNavigateToLoginPageSuccessfully" time="21.541" classname="com.tutorialsninja.demo.testsuite.AccountRegisterPageTest" />
                <testcase name="verifyThatUserShouldLoginAndLogoutSuccessfully" time="45.423" classname="com.tutorialsninja.demo.testsuite.AccountRegisterPageTest" />
      
</testsuite>
